<?xml version="1.0" encoding="UTF-8"?>
<!-- Generated by org.testng.reporters.JUnitReportReporter -->
<testsuite skipped="0" hostname="Jahid" name="RestAssuredCoreTest.LoginTest" tests="1" failures="0" timestamp="06 Mar 2018 03:52:03 GMT" time="17.662" errors="0">
  <testcase name="doLogin" time="17.662" classname="RestAssuredCoreTest.LoginTest"/>
</testsuite> <!-- RestAssuredCoreTest.LoginTest -->
